<?xml version="1.0" encoding="UTF-8"?>
<!-- Generated by org.testng.reporters.JUnitReportReporter -->
<testsuite hostname="Sedra" failures="0" tests="1" name="Magento.Signup_Test_Cases" time="5.658" errors="0" timestamp="2023-10-04T20:22:24 EET" skipped="0">
  <testcase classname="Magento.Signup_Test_Cases" name="signup" time="5.658"/>
  <system-out/>
</testsuite> <!-- Magento.Signup_Test_Cases -->
