<?xml version="1.0" encoding="UTF-8"?>
<!-- Generated by org.testng.reporters.JUnitReportReporter -->
<testsuite hostname="Sedra" failures="0" tests="1" name="Magento.Login_Test_Cases" time="3.075" errors="0" timestamp="2023-10-04T20:22:44 EET" skipped="0">
  <testcase classname="Magento.Login_Test_Cases" name="login" time="3.075"/>
  <system-out/>
</testsuite> <!-- Magento.Login_Test_Cases -->
